i-csv_to_root.py@ [ignored] "fit_yieldL" in collected data does not contain any data.
i-csv_to_root.py@ [ignored] "fit_yieldL" in collected data does not contain any data.
i-csv_to_root.py@ [ignored] "fit_yieldL" in collected data does not contain any data.
i-csv_to_root.py@ [ignored] "fit_yieldL" in collected data does not contain any data.
i-csv_to_root.py@ [ignored] "fit_yieldC" in collected data does not contain any data.
i-csv_to_root.py@ [ignored] "fit_yieldC" in collected data does not contain any data.
i-csv_to_root.py@ [ignored] "fit_yieldC" in collected data does not contain any data.
i-csv_to_root.py@ [ignored] "fit_yieldC" in collected data does not contain any data.
i-csv_to_root.py@ [ignored] "fit_yieldB" in collected data does not contain any data.
i-csv_to_root.py@ [ignored] "fit_yieldB" in collected data does not contain any data.
i-csv_to_root.py@ [ignored] "fit_yieldB" in collected data does not contain any data.
i-csv_to_root.py@ [ignored] "fit_yieldB" in collected data does not contain any data.
i-csv_to_root.py@ [ignored] "fit_XSL" in collected data does not contain any data.
i-csv_to_root.py@ [ignored] "fit_XSL" in collected data does not contain any data.
i-csv_to_root.py@ [ignored] "fit_XSL" in collected data does not contain any data.
i-csv_to_root.py@ [ignored] "fit_XSL" in collected data does not contain any data.
i-csv_to_root.py@ [ignored] "fit_XSC" in collected data does not contain any data.
i-csv_to_root.py@ [ignored] "fit_XSC" in collected data does not contain any data.
i-csv_to_root.py@ [ignored] "fit_XSC" in collected data does not contain any data.
i-csv_to_root.py@ [ignored] "fit_XSC" in collected data does not contain any data.
i-csv_to_root.py@ [ignored] "fit_XSB" in collected data does not contain any data.
i-csv_to_root.py@ [ignored] "fit_XSB" in collected data does not contain any data.
i-csv_to_root.py@ [ignored] "fit_XSB" in collected data does not contain any data.
i-csv_to_root.py@ [ignored] "fit_XSB" in collected data does not contain any data.
i-csv_to_root.py@ [ExportFile] Root file "fitinfo.gjet_fitting.root" generated
