i-csv_to_root.py@ [ignored] "fit_yieldF" in collected data does not contain any data.
i-csv_to_root.py@ [ignored] "fit_yieldF" in collected data does not contain any data.
i-csv_to_root.py@ [ignored] "fit_yieldF" in collected data does not contain any data.
i-csv_to_root.py@ [ignored] "fit_yieldF" in collected data does not contain any data.
i-csv_to_root.py@ [ignored] "fit_XSL" in collected data does not contain any data.
i-csv_to_root.py@ [ignored] "fit_XSL" in collected data does not contain any data.
i-csv_to_root.py@ [ignored] "fit_XSL" in collected data does not contain any data.
i-csv_to_root.py@ [ignored] "fit_XSL" in collected data does not contain any data.
i-csv_to_root.py@ [ignored] "fit_XSC" in collected data does not contain any data.
i-csv_to_root.py@ [ignored] "fit_XSC" in collected data does not contain any data.
i-csv_to_root.py@ [ignored] "fit_XSC" in collected data does not contain any data.
i-csv_to_root.py@ [ignored] "fit_XSC" in collected data does not contain any data.
i-csv_to_root.py@ [ignored] "fit_XSB" in collected data does not contain any data.
i-csv_to_root.py@ [ignored] "fit_XSB" in collected data does not contain any data.
i-csv_to_root.py@ [ignored] "fit_XSB" in collected data does not contain any data.
i-csv_to_root.py@ [ignored] "fit_XSB" in collected data does not contain any data.
i-csv_to_root.py@ [ignored] "fit_XSF" in collected data does not contain any data.
i-csv_to_root.py@ [ignored] "fit_XSF" in collected data does not contain any data.
i-csv_to_root.py@ [ignored] "fit_XSF" in collected data does not contain any data.
i-csv_to_root.py@ [ignored] "fit_XSF" in collected data does not contain any data.
i-csv_to_root.py@ [ExportFile] Root file "initinfo.datasideband.root" generated
